<?xml version="1.0" encoding="UTF-8"?>
<!-- Generated by org.testng.reporters.JUnitReportReporter -->
<testsuite skipped="0" hostname="KISHAN" name="com.orangehrmlive.sw.testsuite.LoginPageTest" tests="1" failures="0" timestamp="2022-12-12T11:35:11 GMT" time="5.167" errors="0">
  <testcase name="userShouldNavigateToForgotPasswordPageSuccessfully" time="5.167" classname="com.orangehrmlive.sw.testsuite.LoginPageTest"/>
  <system-out>
    <![CDATA[Enter forgot password[[ChromeDriver: chrome on WINDOWS (b774e062a07d091b49be605057803e07)] -> xpath: //body/div[@id='app']/div[1]/div[1]/div[1]/div[1]/div[2]/div[2]/form[1]/div[4]/p[1]]]]>
  </system-out>
</testsuite> <!-- com.orangehrmlive.sw.testsuite.LoginPageTest -->
